<?xml version="1.0" encoding="UTF-8"?>
<testsuite name="util.BaseIntegrationTest" tests="1" skipped="1" failures="0" errors="0" timestamp="2017-08-01T19:05:23" hostname="YULM00571460A" time="0.0">
  <properties/>
  <testcase name="initializationError" classname="util.BaseIntegrationTest" time="0.0">
    <skipped/>
  </testcase>
  <system-out><![CDATA[]]></system-out>
  <system-err><![CDATA[]]></system-err>
</testsuite>
